Created by PLY version 3.11 (http://www.dabeaz.com/ply)

Unused terminals:

    ENTER
    ESCRIBE
    FALSO
    NADA
    RESTO
    VERDADERO

Grammar

Rule 0     S' -> prg
Rule 1     prg -> declarations statements
Rule 2     declarations -> decl
Rule 3     declarations -> declarations decl
Rule 4     decl -> declV
Rule 5     decl -> declF
Rule 6     decl -> declL
Rule 7     declV -> VAR ids : tipo
Rule 8     ids -> ID
Rule 9     ids -> ids , ID
Rule 10    tipo -> ENTERO
Rule 11    tipo -> REAL
Rule 12    tipo -> BOOLEANO
Rule 13    declL -> LISTA ID = lista
Rule 14    lista -> [ ]
Rule 15    lista -> [ elementos ]
Rule 16    elementos -> elemento
Rule 17    elementos -> elementos , elemento
Rule 18    elemento -> INT
Rule 19    elemento -> FLOAT
Rule 20    elemento -> BOOLEANO
Rule 21    elemento -> STRING
Rule 22    elemento -> ID
Rule 23    elemento -> lista
Rule 24    declF -> FUNCION ID ( parametros ) : ENTERO declarations statements DEVUELVE return .
Rule 25    declF -> FUNCION ID ( ) : ENTERO declarations statements DEVUELVE return .
Rule 26    parametros -> ID : tipo
Rule 27    parametros -> parametros , ID : tipo
Rule 28    return -> INT
Rule 29    return -> ID
Rule 30    statements -> stat
Rule 31    statements -> statements stat
Rule 32    stat -> atrib ;
Rule 33    stat -> conditions
Rule 34    stat -> ciclos
Rule 35    atrib -> ID = exp
Rule 36    exp -> exp + termo
Rule 37    exp -> exp - termo
Rule 38    exp -> termo
Rule 39    termo -> termo * fator
Rule 40    termo -> termo / fator
Rule 41    termo -> termo ^ fator
Rule 42    termo -> fator
Rule 43    fator -> INT
Rule 44    fator -> FLOAT
Rule 45    fator -> ID
Rule 46    fator -> ( exp )
Rule 47    conditions -> SI expL ENTONCES statements endcondition
Rule 48    endcondition -> .
Rule 49    endcondition -> CASO CONTRARIO statements .
Rule 50    expL -> termoB
Rule 51    expL -> expL OR termoB
Rule 52    termoB -> fatorB
Rule 53    termoB -> termoB AND fatorB
Rule 54    fatorB -> condition
Rule 55    fatorB -> BOOLEANO
Rule 56    fatorB -> ( expL )
Rule 57    condition -> exp op exp
Rule 58    op -> >
Rule 59    op -> <
Rule 60    op -> IGUAL
Rule 61    op -> DIFERENTE
Rule 62    op -> > IGUAL
Rule 63    op -> < IGUAL
Rule 64    ciclos -> ENCUANTO expL HACER statements .
Rule 65    ciclos -> PARA expL SIGUIENTE atrib .
Rule 66    ciclos -> PARA expL SIGUIENTE atrib HACER statements .

Terminals, with rules where they appear

(                    : 24 25 46 56
)                    : 24 25 46 56
*                    : 39
+                    : 36
,                    : 9 17 27
-                    : 37
.                    : 24 25 48 49 64 65 66
/                    : 40
:                    : 7 24 25 26 27
;                    : 32
<                    : 59 63
=                    : 13 35
>                    : 58 62
AND                  : 53
BOOLEANO             : 12 20 55
CASO                 : 49
CONTRARIO            : 49
DEVUELVE             : 24 25
DIFERENTE            : 61
ENCUANTO             : 64
ENTER                : 
ENTERO               : 10 24 25
ENTONCES             : 47
ESCRIBE              : 
FALSO                : 
FLOAT                : 19 44
FUNCION              : 24 25
HACER                : 64 66
ID                   : 8 9 13 22 24 25 26 27 29 35 45
IGUAL                : 60 62 63
INT                  : 18 28 43
LISTA                : 13
NADA                 : 
OR                   : 51
PARA                 : 65 66
REAL                 : 11
RESTO                : 
SI                   : 47
SIGUIENTE            : 65 66
STRING               : 21
VAR                  : 7
VERDADERO            : 
[                    : 14 15
]                    : 14 15
^                    : 41
error                : 

Nonterminals, with rules where they appear

atrib                : 32 65 66
ciclos               : 34
condition            : 54
conditions           : 33
decl                 : 2 3
declF                : 5
declL                : 6
declV                : 4
declarations         : 1 3 24 25
elemento             : 16 17
elementos            : 15 17
endcondition         : 47
exp                  : 35 36 37 46 57 57
expL                 : 47 51 56 64 65 66
fator                : 39 40 41 42
fatorB               : 52 53
ids                  : 7 9
lista                : 13 23
op                   : 57
parametros           : 24 27
prg                  : 0
return               : 24 25
stat                 : 30 31
statements           : 1 24 25 31 47 49 64 66
termo                : 36 37 38 39 40 41
termoB               : 50 51 53
tipo                 : 7 26 27

Parsing method: LALR

state 0

    (0) S' -> . prg
    (1) prg -> . declarations statements
    (2) declarations -> . decl
    (3) declarations -> . declarations decl
    (4) decl -> . declV
    (5) decl -> . declF
    (6) decl -> . declL
    (7) declV -> . VAR ids : tipo
    (24) declF -> . FUNCION ID ( parametros ) : ENTERO declarations statements DEVUELVE return .
    (25) declF -> . FUNCION ID ( ) : ENTERO declarations statements DEVUELVE return .
    (13) declL -> . LISTA ID = lista

    VAR             shift and go to state 7
    FUNCION         shift and go to state 8
    LISTA           shift and go to state 9

    prg                            shift and go to state 1
    declarations                   shift and go to state 2
    decl                           shift and go to state 3
    declV                          shift and go to state 4
    declF                          shift and go to state 5
    declL                          shift and go to state 6

state 1

    (0) S' -> prg .



state 2

    (1) prg -> declarations . statements
    (3) declarations -> declarations . decl
    (30) statements -> . stat
    (31) statements -> . statements stat
    (4) decl -> . declV
    (5) decl -> . declF
    (6) decl -> . declL
    (32) stat -> . atrib ;
    (33) stat -> . conditions
    (34) stat -> . ciclos
    (7) declV -> . VAR ids : tipo
    (24) declF -> . FUNCION ID ( parametros ) : ENTERO declarations statements DEVUELVE return .
    (25) declF -> . FUNCION ID ( ) : ENTERO declarations statements DEVUELVE return .
    (13) declL -> . LISTA ID = lista
    (35) atrib -> . ID = exp
    (47) conditions -> . SI expL ENTONCES statements endcondition
    (64) ciclos -> . ENCUANTO expL HACER statements .
    (65) ciclos -> . PARA expL SIGUIENTE atrib .
    (66) ciclos -> . PARA expL SIGUIENTE atrib HACER statements .

    VAR             shift and go to state 7
    FUNCION         shift and go to state 8
    LISTA           shift and go to state 9
    ID              shift and go to state 16
    SI              shift and go to state 17
    ENCUANTO        shift and go to state 18
    PARA            shift and go to state 19

    statements                     shift and go to state 10
    decl                           shift and go to state 11
    stat                           shift and go to state 12
    declV                          shift and go to state 4
    declF                          shift and go to state 5
    declL                          shift and go to state 6
    atrib                          shift and go to state 13
    conditions                     shift and go to state 14
    ciclos                         shift and go to state 15

state 3

    (2) declarations -> decl .

    VAR             reduce using rule 2 (declarations -> decl .)
    FUNCION         reduce using rule 2 (declarations -> decl .)
    LISTA           reduce using rule 2 (declarations -> decl .)
    ID              reduce using rule 2 (declarations -> decl .)
    SI              reduce using rule 2 (declarations -> decl .)
    ENCUANTO        reduce using rule 2 (declarations -> decl .)
    PARA            reduce using rule 2 (declarations -> decl .)


state 4

    (4) decl -> declV .

    VAR             reduce using rule 4 (decl -> declV .)
    FUNCION         reduce using rule 4 (decl -> declV .)
    LISTA           reduce using rule 4 (decl -> declV .)
    ID              reduce using rule 4 (decl -> declV .)
    SI              reduce using rule 4 (decl -> declV .)
    ENCUANTO        reduce using rule 4 (decl -> declV .)
    PARA            reduce using rule 4 (decl -> declV .)


state 5

    (5) decl -> declF .

    VAR             reduce using rule 5 (decl -> declF .)
    FUNCION         reduce using rule 5 (decl -> declF .)
    LISTA           reduce using rule 5 (decl -> declF .)
    ID              reduce using rule 5 (decl -> declF .)
    SI              reduce using rule 5 (decl -> declF .)
    ENCUANTO        reduce using rule 5 (decl -> declF .)
    PARA            reduce using rule 5 (decl -> declF .)


state 6

    (6) decl -> declL .

    VAR             reduce using rule 6 (decl -> declL .)
    FUNCION         reduce using rule 6 (decl -> declL .)
    LISTA           reduce using rule 6 (decl -> declL .)
    ID              reduce using rule 6 (decl -> declL .)
    SI              reduce using rule 6 (decl -> declL .)
    ENCUANTO        reduce using rule 6 (decl -> declL .)
    PARA            reduce using rule 6 (decl -> declL .)


state 7

    (7) declV -> VAR . ids : tipo
    (8) ids -> . ID
    (9) ids -> . ids , ID

    ID              shift and go to state 21

    ids                            shift and go to state 20

state 8

    (24) declF -> FUNCION . ID ( parametros ) : ENTERO declarations statements DEVUELVE return .
    (25) declF -> FUNCION . ID ( ) : ENTERO declarations statements DEVUELVE return .

    ID              shift and go to state 22


state 9

    (13) declL -> LISTA . ID = lista

    ID              shift and go to state 23


state 10

    (1) prg -> declarations statements .
    (31) statements -> statements . stat
    (32) stat -> . atrib ;
    (33) stat -> . conditions
    (34) stat -> . ciclos
    (35) atrib -> . ID = exp
    (47) conditions -> . SI expL ENTONCES statements endcondition
    (64) ciclos -> . ENCUANTO expL HACER statements .
    (65) ciclos -> . PARA expL SIGUIENTE atrib .
    (66) ciclos -> . PARA expL SIGUIENTE atrib HACER statements .

    $end            reduce using rule 1 (prg -> declarations statements .)
    ID              shift and go to state 16
    SI              shift and go to state 17
    ENCUANTO        shift and go to state 18
    PARA            shift and go to state 19

    stat                           shift and go to state 24
    atrib                          shift and go to state 13
    conditions                     shift and go to state 14
    ciclos                         shift and go to state 15

state 11

    (3) declarations -> declarations decl .

    VAR             reduce using rule 3 (declarations -> declarations decl .)
    FUNCION         reduce using rule 3 (declarations -> declarations decl .)
    LISTA           reduce using rule 3 (declarations -> declarations decl .)
    ID              reduce using rule 3 (declarations -> declarations decl .)
    SI              reduce using rule 3 (declarations -> declarations decl .)
    ENCUANTO        reduce using rule 3 (declarations -> declarations decl .)
    PARA            reduce using rule 3 (declarations -> declarations decl .)


state 12

    (30) statements -> stat .

    ID              reduce using rule 30 (statements -> stat .)
    SI              reduce using rule 30 (statements -> stat .)
    ENCUANTO        reduce using rule 30 (statements -> stat .)
    PARA            reduce using rule 30 (statements -> stat .)
    $end            reduce using rule 30 (statements -> stat .)
    .               reduce using rule 30 (statements -> stat .)
    CASO            reduce using rule 30 (statements -> stat .)
    DEVUELVE        reduce using rule 30 (statements -> stat .)


state 13

    (32) stat -> atrib . ;

    ;               shift and go to state 25


state 14

    (33) stat -> conditions .

    ID              reduce using rule 33 (stat -> conditions .)
    SI              reduce using rule 33 (stat -> conditions .)
    ENCUANTO        reduce using rule 33 (stat -> conditions .)
    PARA            reduce using rule 33 (stat -> conditions .)
    $end            reduce using rule 33 (stat -> conditions .)
    .               reduce using rule 33 (stat -> conditions .)
    CASO            reduce using rule 33 (stat -> conditions .)
    DEVUELVE        reduce using rule 33 (stat -> conditions .)


state 15

    (34) stat -> ciclos .

    ID              reduce using rule 34 (stat -> ciclos .)
    SI              reduce using rule 34 (stat -> ciclos .)
    ENCUANTO        reduce using rule 34 (stat -> ciclos .)
    PARA            reduce using rule 34 (stat -> ciclos .)
    $end            reduce using rule 34 (stat -> ciclos .)
    .               reduce using rule 34 (stat -> ciclos .)
    CASO            reduce using rule 34 (stat -> ciclos .)
    DEVUELVE        reduce using rule 34 (stat -> ciclos .)


state 16

    (35) atrib -> ID . = exp

    =               shift and go to state 26


state 17

    (47) conditions -> SI . expL ENTONCES statements endcondition
    (50) expL -> . termoB
    (51) expL -> . expL OR termoB
    (52) termoB -> . fatorB
    (53) termoB -> . termoB AND fatorB
    (54) fatorB -> . condition
    (55) fatorB -> . BOOLEANO
    (56) fatorB -> . ( expL )
    (57) condition -> . exp op exp
    (36) exp -> . exp + termo
    (37) exp -> . exp - termo
    (38) exp -> . termo
    (39) termo -> . termo * fator
    (40) termo -> . termo / fator
    (41) termo -> . termo ^ fator
    (42) termo -> . fator
    (43) fator -> . INT
    (44) fator -> . FLOAT
    (45) fator -> . ID
    (46) fator -> . ( exp )

    BOOLEANO        shift and go to state 31
    (               shift and go to state 32
    INT             shift and go to state 36
    FLOAT           shift and go to state 37
    ID              shift and go to state 38

    expL                           shift and go to state 27
    termoB                         shift and go to state 28
    fatorB                         shift and go to state 29
    condition                      shift and go to state 30
    exp                            shift and go to state 33
    termo                          shift and go to state 34
    fator                          shift and go to state 35

state 18

    (64) ciclos -> ENCUANTO . expL HACER statements .
    (50) expL -> . termoB
    (51) expL -> . expL OR termoB
    (52) termoB -> . fatorB
    (53) termoB -> . termoB AND fatorB
    (54) fatorB -> . condition
    (55) fatorB -> . BOOLEANO
    (56) fatorB -> . ( expL )
    (57) condition -> . exp op exp
    (36) exp -> . exp + termo
    (37) exp -> . exp - termo
    (38) exp -> . termo
    (39) termo -> . termo * fator
    (40) termo -> . termo / fator
    (41) termo -> . termo ^ fator
    (42) termo -> . fator
    (43) fator -> . INT
    (44) fator -> . FLOAT
    (45) fator -> . ID
    (46) fator -> . ( exp )

    BOOLEANO        shift and go to state 31
    (               shift and go to state 32
    INT             shift and go to state 36
    FLOAT           shift and go to state 37
    ID              shift and go to state 38

    expL                           shift and go to state 39
    termoB                         shift and go to state 28
    fatorB                         shift and go to state 29
    condition                      shift and go to state 30
    exp                            shift and go to state 33
    termo                          shift and go to state 34
    fator                          shift and go to state 35

state 19

    (65) ciclos -> PARA . expL SIGUIENTE atrib .
    (66) ciclos -> PARA . expL SIGUIENTE atrib HACER statements .
    (50) expL -> . termoB
    (51) expL -> . expL OR termoB
    (52) termoB -> . fatorB
    (53) termoB -> . termoB AND fatorB
    (54) fatorB -> . condition
    (55) fatorB -> . BOOLEANO
    (56) fatorB -> . ( expL )
    (57) condition -> . exp op exp
    (36) exp -> . exp + termo
    (37) exp -> . exp - termo
    (38) exp -> . termo
    (39) termo -> . termo * fator
    (40) termo -> . termo / fator
    (41) termo -> . termo ^ fator
    (42) termo -> . fator
    (43) fator -> . INT
    (44) fator -> . FLOAT
    (45) fator -> . ID
    (46) fator -> . ( exp )

    BOOLEANO        shift and go to state 31
    (               shift and go to state 32
    INT             shift and go to state 36
    FLOAT           shift and go to state 37
    ID              shift and go to state 38

    expL                           shift and go to state 40
    termoB                         shift and go to state 28
    fatorB                         shift and go to state 29
    condition                      shift and go to state 30
    exp                            shift and go to state 33
    termo                          shift and go to state 34
    fator                          shift and go to state 35

state 20

    (7) declV -> VAR ids . : tipo
    (9) ids -> ids . , ID

    :               shift and go to state 41
    ,               shift and go to state 42


state 21

    (8) ids -> ID .

    :               reduce using rule 8 (ids -> ID .)
    ,               reduce using rule 8 (ids -> ID .)


state 22

    (24) declF -> FUNCION ID . ( parametros ) : ENTERO declarations statements DEVUELVE return .
    (25) declF -> FUNCION ID . ( ) : ENTERO declarations statements DEVUELVE return .

    (               shift and go to state 43


state 23

    (13) declL -> LISTA ID . = lista

    =               shift and go to state 44


state 24

    (31) statements -> statements stat .

    ID              reduce using rule 31 (statements -> statements stat .)
    SI              reduce using rule 31 (statements -> statements stat .)
    ENCUANTO        reduce using rule 31 (statements -> statements stat .)
    PARA            reduce using rule 31 (statements -> statements stat .)
    $end            reduce using rule 31 (statements -> statements stat .)
    .               reduce using rule 31 (statements -> statements stat .)
    CASO            reduce using rule 31 (statements -> statements stat .)
    DEVUELVE        reduce using rule 31 (statements -> statements stat .)


state 25

    (32) stat -> atrib ; .

    ID              reduce using rule 32 (stat -> atrib ; .)
    SI              reduce using rule 32 (stat -> atrib ; .)
    ENCUANTO        reduce using rule 32 (stat -> atrib ; .)
    PARA            reduce using rule 32 (stat -> atrib ; .)
    $end            reduce using rule 32 (stat -> atrib ; .)
    .               reduce using rule 32 (stat -> atrib ; .)
    CASO            reduce using rule 32 (stat -> atrib ; .)
    DEVUELVE        reduce using rule 32 (stat -> atrib ; .)


state 26

    (35) atrib -> ID = . exp
    (36) exp -> . exp + termo
    (37) exp -> . exp - termo
    (38) exp -> . termo
    (39) termo -> . termo * fator
    (40) termo -> . termo / fator
    (41) termo -> . termo ^ fator
    (42) termo -> . fator
    (43) fator -> . INT
    (44) fator -> . FLOAT
    (45) fator -> . ID
    (46) fator -> . ( exp )

    INT             shift and go to state 36
    FLOAT           shift and go to state 37
    ID              shift and go to state 38
    (               shift and go to state 46

    exp                            shift and go to state 45
    termo                          shift and go to state 34
    fator                          shift and go to state 35

state 27

    (47) conditions -> SI expL . ENTONCES statements endcondition
    (51) expL -> expL . OR termoB

    ENTONCES        shift and go to state 47
    OR              shift and go to state 48


state 28

    (50) expL -> termoB .
    (53) termoB -> termoB . AND fatorB

    ENTONCES        reduce using rule 50 (expL -> termoB .)
    OR              reduce using rule 50 (expL -> termoB .)
    HACER           reduce using rule 50 (expL -> termoB .)
    SIGUIENTE       reduce using rule 50 (expL -> termoB .)
    )               reduce using rule 50 (expL -> termoB .)
    AND             shift and go to state 49


state 29

    (52) termoB -> fatorB .

    AND             reduce using rule 52 (termoB -> fatorB .)
    ENTONCES        reduce using rule 52 (termoB -> fatorB .)
    OR              reduce using rule 52 (termoB -> fatorB .)
    HACER           reduce using rule 52 (termoB -> fatorB .)
    SIGUIENTE       reduce using rule 52 (termoB -> fatorB .)
    )               reduce using rule 52 (termoB -> fatorB .)


state 30

    (54) fatorB -> condition .

    AND             reduce using rule 54 (fatorB -> condition .)
    ENTONCES        reduce using rule 54 (fatorB -> condition .)
    OR              reduce using rule 54 (fatorB -> condition .)
    HACER           reduce using rule 54 (fatorB -> condition .)
    SIGUIENTE       reduce using rule 54 (fatorB -> condition .)
    )               reduce using rule 54 (fatorB -> condition .)


state 31

    (55) fatorB -> BOOLEANO .

    AND             reduce using rule 55 (fatorB -> BOOLEANO .)
    ENTONCES        reduce using rule 55 (fatorB -> BOOLEANO .)
    OR              reduce using rule 55 (fatorB -> BOOLEANO .)
    HACER           reduce using rule 55 (fatorB -> BOOLEANO .)
    SIGUIENTE       reduce using rule 55 (fatorB -> BOOLEANO .)
    )               reduce using rule 55 (fatorB -> BOOLEANO .)


state 32

    (56) fatorB -> ( . expL )
    (46) fator -> ( . exp )
    (50) expL -> . termoB
    (51) expL -> . expL OR termoB
    (36) exp -> . exp + termo
    (37) exp -> . exp - termo
    (38) exp -> . termo
    (52) termoB -> . fatorB
    (53) termoB -> . termoB AND fatorB
    (39) termo -> . termo * fator
    (40) termo -> . termo / fator
    (41) termo -> . termo ^ fator
    (42) termo -> . fator
    (54) fatorB -> . condition
    (55) fatorB -> . BOOLEANO
    (56) fatorB -> . ( expL )
    (43) fator -> . INT
    (44) fator -> . FLOAT
    (45) fator -> . ID
    (46) fator -> . ( exp )
    (57) condition -> . exp op exp

    BOOLEANO        shift and go to state 31
    (               shift and go to state 32
    INT             shift and go to state 36
    FLOAT           shift and go to state 37
    ID              shift and go to state 38

    expL                           shift and go to state 50
    exp                            shift and go to state 51
    termoB                         shift and go to state 28
    termo                          shift and go to state 34
    fatorB                         shift and go to state 29
    fator                          shift and go to state 35
    condition                      shift and go to state 30

state 33

    (57) condition -> exp . op exp
    (36) exp -> exp . + termo
    (37) exp -> exp . - termo
    (58) op -> . >
    (59) op -> . <
    (60) op -> . IGUAL
    (61) op -> . DIFERENTE
    (62) op -> . > IGUAL
    (63) op -> . < IGUAL

    +               shift and go to state 53
    -               shift and go to state 54
    >               shift and go to state 55
    <               shift and go to state 56
    IGUAL           shift and go to state 57
    DIFERENTE       shift and go to state 58

    op                             shift and go to state 52

state 34

    (38) exp -> termo .
    (39) termo -> termo . * fator
    (40) termo -> termo . / fator
    (41) termo -> termo . ^ fator

    +               reduce using rule 38 (exp -> termo .)
    -               reduce using rule 38 (exp -> termo .)
    >               reduce using rule 38 (exp -> termo .)
    <               reduce using rule 38 (exp -> termo .)
    IGUAL           reduce using rule 38 (exp -> termo .)
    DIFERENTE       reduce using rule 38 (exp -> termo .)
    ;               reduce using rule 38 (exp -> termo .)
    .               reduce using rule 38 (exp -> termo .)
    HACER           reduce using rule 38 (exp -> termo .)
    )               reduce using rule 38 (exp -> termo .)
    AND             reduce using rule 38 (exp -> termo .)
    ENTONCES        reduce using rule 38 (exp -> termo .)
    OR              reduce using rule 38 (exp -> termo .)
    SIGUIENTE       reduce using rule 38 (exp -> termo .)
    *               shift and go to state 59
    /               shift and go to state 60
    ^               shift and go to state 61


state 35

    (42) termo -> fator .

    *               reduce using rule 42 (termo -> fator .)
    /               reduce using rule 42 (termo -> fator .)
    ^               reduce using rule 42 (termo -> fator .)
    +               reduce using rule 42 (termo -> fator .)
    -               reduce using rule 42 (termo -> fator .)
    >               reduce using rule 42 (termo -> fator .)
    <               reduce using rule 42 (termo -> fator .)
    IGUAL           reduce using rule 42 (termo -> fator .)
    DIFERENTE       reduce using rule 42 (termo -> fator .)
    ;               reduce using rule 42 (termo -> fator .)
    .               reduce using rule 42 (termo -> fator .)
    HACER           reduce using rule 42 (termo -> fator .)
    )               reduce using rule 42 (termo -> fator .)
    AND             reduce using rule 42 (termo -> fator .)
    ENTONCES        reduce using rule 42 (termo -> fator .)
    OR              reduce using rule 42 (termo -> fator .)
    SIGUIENTE       reduce using rule 42 (termo -> fator .)


state 36

    (43) fator -> INT .

    *               reduce using rule 43 (fator -> INT .)
    /               reduce using rule 43 (fator -> INT .)
    ^               reduce using rule 43 (fator -> INT .)
    +               reduce using rule 43 (fator -> INT .)
    -               reduce using rule 43 (fator -> INT .)
    >               reduce using rule 43 (fator -> INT .)
    <               reduce using rule 43 (fator -> INT .)
    IGUAL           reduce using rule 43 (fator -> INT .)
    DIFERENTE       reduce using rule 43 (fator -> INT .)
    ;               reduce using rule 43 (fator -> INT .)
    .               reduce using rule 43 (fator -> INT .)
    HACER           reduce using rule 43 (fator -> INT .)
    )               reduce using rule 43 (fator -> INT .)
    AND             reduce using rule 43 (fator -> INT .)
    ENTONCES        reduce using rule 43 (fator -> INT .)
    OR              reduce using rule 43 (fator -> INT .)
    SIGUIENTE       reduce using rule 43 (fator -> INT .)


state 37

    (44) fator -> FLOAT .

    *               reduce using rule 44 (fator -> FLOAT .)
    /               reduce using rule 44 (fator -> FLOAT .)
    ^               reduce using rule 44 (fator -> FLOAT .)
    +               reduce using rule 44 (fator -> FLOAT .)
    -               reduce using rule 44 (fator -> FLOAT .)
    >               reduce using rule 44 (fator -> FLOAT .)
    <               reduce using rule 44 (fator -> FLOAT .)
    IGUAL           reduce using rule 44 (fator -> FLOAT .)
    DIFERENTE       reduce using rule 44 (fator -> FLOAT .)
    ;               reduce using rule 44 (fator -> FLOAT .)
    .               reduce using rule 44 (fator -> FLOAT .)
    HACER           reduce using rule 44 (fator -> FLOAT .)
    )               reduce using rule 44 (fator -> FLOAT .)
    AND             reduce using rule 44 (fator -> FLOAT .)
    ENTONCES        reduce using rule 44 (fator -> FLOAT .)
    OR              reduce using rule 44 (fator -> FLOAT .)
    SIGUIENTE       reduce using rule 44 (fator -> FLOAT .)


state 38

    (45) fator -> ID .

    *               reduce using rule 45 (fator -> ID .)
    /               reduce using rule 45 (fator -> ID .)
    ^               reduce using rule 45 (fator -> ID .)
    +               reduce using rule 45 (fator -> ID .)
    -               reduce using rule 45 (fator -> ID .)
    >               reduce using rule 45 (fator -> ID .)
    <               reduce using rule 45 (fator -> ID .)
    IGUAL           reduce using rule 45 (fator -> ID .)
    DIFERENTE       reduce using rule 45 (fator -> ID .)
    ;               reduce using rule 45 (fator -> ID .)
    .               reduce using rule 45 (fator -> ID .)
    HACER           reduce using rule 45 (fator -> ID .)
    )               reduce using rule 45 (fator -> ID .)
    AND             reduce using rule 45 (fator -> ID .)
    ENTONCES        reduce using rule 45 (fator -> ID .)
    OR              reduce using rule 45 (fator -> ID .)
    SIGUIENTE       reduce using rule 45 (fator -> ID .)


state 39

    (64) ciclos -> ENCUANTO expL . HACER statements .
    (51) expL -> expL . OR termoB

    HACER           shift and go to state 62
    OR              shift and go to state 48


state 40

    (65) ciclos -> PARA expL . SIGUIENTE atrib .
    (66) ciclos -> PARA expL . SIGUIENTE atrib HACER statements .
    (51) expL -> expL . OR termoB

    SIGUIENTE       shift and go to state 63
    OR              shift and go to state 48


state 41

    (7) declV -> VAR ids : . tipo
    (10) tipo -> . ENTERO
    (11) tipo -> . REAL
    (12) tipo -> . BOOLEANO

    ENTERO          shift and go to state 65
    REAL            shift and go to state 66
    BOOLEANO        shift and go to state 67

    tipo                           shift and go to state 64

state 42

    (9) ids -> ids , . ID

    ID              shift and go to state 68


state 43

    (24) declF -> FUNCION ID ( . parametros ) : ENTERO declarations statements DEVUELVE return .
    (25) declF -> FUNCION ID ( . ) : ENTERO declarations statements DEVUELVE return .
    (26) parametros -> . ID : tipo
    (27) parametros -> . parametros , ID : tipo

    )               shift and go to state 71
    ID              shift and go to state 69

    parametros                     shift and go to state 70

state 44

    (13) declL -> LISTA ID = . lista
    (14) lista -> . [ ]
    (15) lista -> . [ elementos ]

    [               shift and go to state 73

    lista                          shift and go to state 72

state 45

    (35) atrib -> ID = exp .
    (36) exp -> exp . + termo
    (37) exp -> exp . - termo

    ;               reduce using rule 35 (atrib -> ID = exp .)
    .               reduce using rule 35 (atrib -> ID = exp .)
    HACER           reduce using rule 35 (atrib -> ID = exp .)
    +               shift and go to state 53
    -               shift and go to state 54


state 46

    (46) fator -> ( . exp )
    (36) exp -> . exp + termo
    (37) exp -> . exp - termo
    (38) exp -> . termo
    (39) termo -> . termo * fator
    (40) termo -> . termo / fator
    (41) termo -> . termo ^ fator
    (42) termo -> . fator
    (43) fator -> . INT
    (44) fator -> . FLOAT
    (45) fator -> . ID
    (46) fator -> . ( exp )

    INT             shift and go to state 36
    FLOAT           shift and go to state 37
    ID              shift and go to state 38
    (               shift and go to state 46

    exp                            shift and go to state 74
    termo                          shift and go to state 34
    fator                          shift and go to state 35

state 47

    (47) conditions -> SI expL ENTONCES . statements endcondition
    (30) statements -> . stat
    (31) statements -> . statements stat
    (32) stat -> . atrib ;
    (33) stat -> . conditions
    (34) stat -> . ciclos
    (35) atrib -> . ID = exp
    (47) conditions -> . SI expL ENTONCES statements endcondition
    (64) ciclos -> . ENCUANTO expL HACER statements .
    (65) ciclos -> . PARA expL SIGUIENTE atrib .
    (66) ciclos -> . PARA expL SIGUIENTE atrib HACER statements .

    ID              shift and go to state 16
    SI              shift and go to state 17
    ENCUANTO        shift and go to state 18
    PARA            shift and go to state 19

    statements                     shift and go to state 75
    stat                           shift and go to state 12
    atrib                          shift and go to state 13
    conditions                     shift and go to state 14
    ciclos                         shift and go to state 15

state 48

    (51) expL -> expL OR . termoB
    (52) termoB -> . fatorB
    (53) termoB -> . termoB AND fatorB
    (54) fatorB -> . condition
    (55) fatorB -> . BOOLEANO
    (56) fatorB -> . ( expL )
    (57) condition -> . exp op exp
    (36) exp -> . exp + termo
    (37) exp -> . exp - termo
    (38) exp -> . termo
    (39) termo -> . termo * fator
    (40) termo -> . termo / fator
    (41) termo -> . termo ^ fator
    (42) termo -> . fator
    (43) fator -> . INT
    (44) fator -> . FLOAT
    (45) fator -> . ID
    (46) fator -> . ( exp )

    BOOLEANO        shift and go to state 31
    (               shift and go to state 32
    INT             shift and go to state 36
    FLOAT           shift and go to state 37
    ID              shift and go to state 38

    termoB                         shift and go to state 76
    fatorB                         shift and go to state 29
    condition                      shift and go to state 30
    exp                            shift and go to state 33
    termo                          shift and go to state 34
    fator                          shift and go to state 35

state 49

    (53) termoB -> termoB AND . fatorB
    (54) fatorB -> . condition
    (55) fatorB -> . BOOLEANO
    (56) fatorB -> . ( expL )
    (57) condition -> . exp op exp
    (36) exp -> . exp + termo
    (37) exp -> . exp - termo
    (38) exp -> . termo
    (39) termo -> . termo * fator
    (40) termo -> . termo / fator
    (41) termo -> . termo ^ fator
    (42) termo -> . fator
    (43) fator -> . INT
    (44) fator -> . FLOAT
    (45) fator -> . ID
    (46) fator -> . ( exp )

    BOOLEANO        shift and go to state 31
    (               shift and go to state 32
    INT             shift and go to state 36
    FLOAT           shift and go to state 37
    ID              shift and go to state 38

    fatorB                         shift and go to state 77
    condition                      shift and go to state 30
    exp                            shift and go to state 33
    termo                          shift and go to state 34
    fator                          shift and go to state 35

state 50

    (56) fatorB -> ( expL . )
    (51) expL -> expL . OR termoB

    )               shift and go to state 78
    OR              shift and go to state 48


state 51

    (46) fator -> ( exp . )
    (36) exp -> exp . + termo
    (37) exp -> exp . - termo
    (57) condition -> exp . op exp
    (58) op -> . >
    (59) op -> . <
    (60) op -> . IGUAL
    (61) op -> . DIFERENTE
    (62) op -> . > IGUAL
    (63) op -> . < IGUAL

    )               shift and go to state 79
    +               shift and go to state 53
    -               shift and go to state 54
    >               shift and go to state 55
    <               shift and go to state 56
    IGUAL           shift and go to state 57
    DIFERENTE       shift and go to state 58

    op                             shift and go to state 52

state 52

    (57) condition -> exp op . exp
    (36) exp -> . exp + termo
    (37) exp -> . exp - termo
    (38) exp -> . termo
    (39) termo -> . termo * fator
    (40) termo -> . termo / fator
    (41) termo -> . termo ^ fator
    (42) termo -> . fator
    (43) fator -> . INT
    (44) fator -> . FLOAT
    (45) fator -> . ID
    (46) fator -> . ( exp )

    INT             shift and go to state 36
    FLOAT           shift and go to state 37
    ID              shift and go to state 38
    (               shift and go to state 46

    exp                            shift and go to state 80
    termo                          shift and go to state 34
    fator                          shift and go to state 35

state 53

    (36) exp -> exp + . termo
    (39) termo -> . termo * fator
    (40) termo -> . termo / fator
    (41) termo -> . termo ^ fator
    (42) termo -> . fator
    (43) fator -> . INT
    (44) fator -> . FLOAT
    (45) fator -> . ID
    (46) fator -> . ( exp )

    INT             shift and go to state 36
    FLOAT           shift and go to state 37
    ID              shift and go to state 38
    (               shift and go to state 46

    termo                          shift and go to state 81
    fator                          shift and go to state 35

state 54

    (37) exp -> exp - . termo
    (39) termo -> . termo * fator
    (40) termo -> . termo / fator
    (41) termo -> . termo ^ fator
    (42) termo -> . fator
    (43) fator -> . INT
    (44) fator -> . FLOAT
    (45) fator -> . ID
    (46) fator -> . ( exp )

    INT             shift and go to state 36
    FLOAT           shift and go to state 37
    ID              shift and go to state 38
    (               shift and go to state 46

    termo                          shift and go to state 82
    fator                          shift and go to state 35

state 55

    (58) op -> > .
    (62) op -> > . IGUAL

    INT             reduce using rule 58 (op -> > .)
    FLOAT           reduce using rule 58 (op -> > .)
    ID              reduce using rule 58 (op -> > .)
    (               reduce using rule 58 (op -> > .)
    IGUAL           shift and go to state 83


state 56

    (59) op -> < .
    (63) op -> < . IGUAL

    INT             reduce using rule 59 (op -> < .)
    FLOAT           reduce using rule 59 (op -> < .)
    ID              reduce using rule 59 (op -> < .)
    (               reduce using rule 59 (op -> < .)
    IGUAL           shift and go to state 84


state 57

    (60) op -> IGUAL .

    INT             reduce using rule 60 (op -> IGUAL .)
    FLOAT           reduce using rule 60 (op -> IGUAL .)
    ID              reduce using rule 60 (op -> IGUAL .)
    (               reduce using rule 60 (op -> IGUAL .)


state 58

    (61) op -> DIFERENTE .

    INT             reduce using rule 61 (op -> DIFERENTE .)
    FLOAT           reduce using rule 61 (op -> DIFERENTE .)
    ID              reduce using rule 61 (op -> DIFERENTE .)
    (               reduce using rule 61 (op -> DIFERENTE .)


state 59

    (39) termo -> termo * . fator
    (43) fator -> . INT
    (44) fator -> . FLOAT
    (45) fator -> . ID
    (46) fator -> . ( exp )

    INT             shift and go to state 36
    FLOAT           shift and go to state 37
    ID              shift and go to state 38
    (               shift and go to state 46

    fator                          shift and go to state 85

state 60

    (40) termo -> termo / . fator
    (43) fator -> . INT
    (44) fator -> . FLOAT
    (45) fator -> . ID
    (46) fator -> . ( exp )

    INT             shift and go to state 36
    FLOAT           shift and go to state 37
    ID              shift and go to state 38
    (               shift and go to state 46

    fator                          shift and go to state 86

state 61

    (41) termo -> termo ^ . fator
    (43) fator -> . INT
    (44) fator -> . FLOAT
    (45) fator -> . ID
    (46) fator -> . ( exp )

    INT             shift and go to state 36
    FLOAT           shift and go to state 37
    ID              shift and go to state 38
    (               shift and go to state 46

    fator                          shift and go to state 87

state 62

    (64) ciclos -> ENCUANTO expL HACER . statements .
    (30) statements -> . stat
    (31) statements -> . statements stat
    (32) stat -> . atrib ;
    (33) stat -> . conditions
    (34) stat -> . ciclos
    (35) atrib -> . ID = exp
    (47) conditions -> . SI expL ENTONCES statements endcondition
    (64) ciclos -> . ENCUANTO expL HACER statements .
    (65) ciclos -> . PARA expL SIGUIENTE atrib .
    (66) ciclos -> . PARA expL SIGUIENTE atrib HACER statements .

    ID              shift and go to state 16
    SI              shift and go to state 17
    ENCUANTO        shift and go to state 18
    PARA            shift and go to state 19

    statements                     shift and go to state 88
    stat                           shift and go to state 12
    atrib                          shift and go to state 13
    conditions                     shift and go to state 14
    ciclos                         shift and go to state 15

state 63

    (65) ciclos -> PARA expL SIGUIENTE . atrib .
    (66) ciclos -> PARA expL SIGUIENTE . atrib HACER statements .
    (35) atrib -> . ID = exp

    ID              shift and go to state 16

    atrib                          shift and go to state 89

state 64

    (7) declV -> VAR ids : tipo .

    VAR             reduce using rule 7 (declV -> VAR ids : tipo .)
    FUNCION         reduce using rule 7 (declV -> VAR ids : tipo .)
    LISTA           reduce using rule 7 (declV -> VAR ids : tipo .)
    ID              reduce using rule 7 (declV -> VAR ids : tipo .)
    SI              reduce using rule 7 (declV -> VAR ids : tipo .)
    ENCUANTO        reduce using rule 7 (declV -> VAR ids : tipo .)
    PARA            reduce using rule 7 (declV -> VAR ids : tipo .)


state 65

    (10) tipo -> ENTERO .

    VAR             reduce using rule 10 (tipo -> ENTERO .)
    FUNCION         reduce using rule 10 (tipo -> ENTERO .)
    LISTA           reduce using rule 10 (tipo -> ENTERO .)
    ID              reduce using rule 10 (tipo -> ENTERO .)
    SI              reduce using rule 10 (tipo -> ENTERO .)
    ENCUANTO        reduce using rule 10 (tipo -> ENTERO .)
    PARA            reduce using rule 10 (tipo -> ENTERO .)
    )               reduce using rule 10 (tipo -> ENTERO .)
    ,               reduce using rule 10 (tipo -> ENTERO .)


state 66

    (11) tipo -> REAL .

    VAR             reduce using rule 11 (tipo -> REAL .)
    FUNCION         reduce using rule 11 (tipo -> REAL .)
    LISTA           reduce using rule 11 (tipo -> REAL .)
    ID              reduce using rule 11 (tipo -> REAL .)
    SI              reduce using rule 11 (tipo -> REAL .)
    ENCUANTO        reduce using rule 11 (tipo -> REAL .)
    PARA            reduce using rule 11 (tipo -> REAL .)
    )               reduce using rule 11 (tipo -> REAL .)
    ,               reduce using rule 11 (tipo -> REAL .)


state 67

    (12) tipo -> BOOLEANO .

    VAR             reduce using rule 12 (tipo -> BOOLEANO .)
    FUNCION         reduce using rule 12 (tipo -> BOOLEANO .)
    LISTA           reduce using rule 12 (tipo -> BOOLEANO .)
    ID              reduce using rule 12 (tipo -> BOOLEANO .)
    SI              reduce using rule 12 (tipo -> BOOLEANO .)
    ENCUANTO        reduce using rule 12 (tipo -> BOOLEANO .)
    PARA            reduce using rule 12 (tipo -> BOOLEANO .)
    )               reduce using rule 12 (tipo -> BOOLEANO .)
    ,               reduce using rule 12 (tipo -> BOOLEANO .)


state 68

    (9) ids -> ids , ID .

    :               reduce using rule 9 (ids -> ids , ID .)
    ,               reduce using rule 9 (ids -> ids , ID .)


state 69

    (26) parametros -> ID . : tipo

    :               shift and go to state 90


state 70

    (24) declF -> FUNCION ID ( parametros . ) : ENTERO declarations statements DEVUELVE return .
    (27) parametros -> parametros . , ID : tipo

    )               shift and go to state 91
    ,               shift and go to state 92


state 71

    (25) declF -> FUNCION ID ( ) . : ENTERO declarations statements DEVUELVE return .

    :               shift and go to state 93


state 72

    (13) declL -> LISTA ID = lista .

    VAR             reduce using rule 13 (declL -> LISTA ID = lista .)
    FUNCION         reduce using rule 13 (declL -> LISTA ID = lista .)
    LISTA           reduce using rule 13 (declL -> LISTA ID = lista .)
    ID              reduce using rule 13 (declL -> LISTA ID = lista .)
    SI              reduce using rule 13 (declL -> LISTA ID = lista .)
    ENCUANTO        reduce using rule 13 (declL -> LISTA ID = lista .)
    PARA            reduce using rule 13 (declL -> LISTA ID = lista .)


state 73

    (14) lista -> [ . ]
    (15) lista -> [ . elementos ]
    (16) elementos -> . elemento
    (17) elementos -> . elementos , elemento
    (18) elemento -> . INT
    (19) elemento -> . FLOAT
    (20) elemento -> . BOOLEANO
    (21) elemento -> . STRING
    (22) elemento -> . ID
    (23) elemento -> . lista
    (14) lista -> . [ ]
    (15) lista -> . [ elementos ]

    ]               shift and go to state 94
    INT             shift and go to state 97
    FLOAT           shift and go to state 98
    BOOLEANO        shift and go to state 99
    STRING          shift and go to state 100
    ID              shift and go to state 101
    [               shift and go to state 73

    elementos                      shift and go to state 95
    elemento                       shift and go to state 96
    lista                          shift and go to state 102

state 74

    (46) fator -> ( exp . )
    (36) exp -> exp . + termo
    (37) exp -> exp . - termo

    )               shift and go to state 79
    +               shift and go to state 53
    -               shift and go to state 54


state 75

    (47) conditions -> SI expL ENTONCES statements . endcondition
    (31) statements -> statements . stat
    (48) endcondition -> . .
    (49) endcondition -> . CASO CONTRARIO statements .
    (32) stat -> . atrib ;
    (33) stat -> . conditions
    (34) stat -> . ciclos
    (35) atrib -> . ID = exp
    (47) conditions -> . SI expL ENTONCES statements endcondition
    (64) ciclos -> . ENCUANTO expL HACER statements .
    (65) ciclos -> . PARA expL SIGUIENTE atrib .
    (66) ciclos -> . PARA expL SIGUIENTE atrib HACER statements .

    .               shift and go to state 104
    CASO            shift and go to state 105
    ID              shift and go to state 16
    SI              shift and go to state 17
    ENCUANTO        shift and go to state 18
    PARA            shift and go to state 19

    endcondition                   shift and go to state 103
    stat                           shift and go to state 24
    atrib                          shift and go to state 13
    conditions                     shift and go to state 14
    ciclos                         shift and go to state 15

state 76

    (51) expL -> expL OR termoB .
    (53) termoB -> termoB . AND fatorB

    ENTONCES        reduce using rule 51 (expL -> expL OR termoB .)
    OR              reduce using rule 51 (expL -> expL OR termoB .)
    HACER           reduce using rule 51 (expL -> expL OR termoB .)
    SIGUIENTE       reduce using rule 51 (expL -> expL OR termoB .)
    )               reduce using rule 51 (expL -> expL OR termoB .)
    AND             shift and go to state 49


state 77

    (53) termoB -> termoB AND fatorB .

    AND             reduce using rule 53 (termoB -> termoB AND fatorB .)
    ENTONCES        reduce using rule 53 (termoB -> termoB AND fatorB .)
    OR              reduce using rule 53 (termoB -> termoB AND fatorB .)
    HACER           reduce using rule 53 (termoB -> termoB AND fatorB .)
    SIGUIENTE       reduce using rule 53 (termoB -> termoB AND fatorB .)
    )               reduce using rule 53 (termoB -> termoB AND fatorB .)


state 78

    (56) fatorB -> ( expL ) .

    AND             reduce using rule 56 (fatorB -> ( expL ) .)
    ENTONCES        reduce using rule 56 (fatorB -> ( expL ) .)
    OR              reduce using rule 56 (fatorB -> ( expL ) .)
    HACER           reduce using rule 56 (fatorB -> ( expL ) .)
    SIGUIENTE       reduce using rule 56 (fatorB -> ( expL ) .)
    )               reduce using rule 56 (fatorB -> ( expL ) .)


state 79

    (46) fator -> ( exp ) .

    *               reduce using rule 46 (fator -> ( exp ) .)
    /               reduce using rule 46 (fator -> ( exp ) .)
    ^               reduce using rule 46 (fator -> ( exp ) .)
    +               reduce using rule 46 (fator -> ( exp ) .)
    -               reduce using rule 46 (fator -> ( exp ) .)
    >               reduce using rule 46 (fator -> ( exp ) .)
    <               reduce using rule 46 (fator -> ( exp ) .)
    IGUAL           reduce using rule 46 (fator -> ( exp ) .)
    DIFERENTE       reduce using rule 46 (fator -> ( exp ) .)
    ;               reduce using rule 46 (fator -> ( exp ) .)
    .               reduce using rule 46 (fator -> ( exp ) .)
    HACER           reduce using rule 46 (fator -> ( exp ) .)
    )               reduce using rule 46 (fator -> ( exp ) .)
    AND             reduce using rule 46 (fator -> ( exp ) .)
    ENTONCES        reduce using rule 46 (fator -> ( exp ) .)
    OR              reduce using rule 46 (fator -> ( exp ) .)
    SIGUIENTE       reduce using rule 46 (fator -> ( exp ) .)


state 80

    (57) condition -> exp op exp .
    (36) exp -> exp . + termo
    (37) exp -> exp . - termo

    AND             reduce using rule 57 (condition -> exp op exp .)
    ENTONCES        reduce using rule 57 (condition -> exp op exp .)
    OR              reduce using rule 57 (condition -> exp op exp .)
    HACER           reduce using rule 57 (condition -> exp op exp .)
    SIGUIENTE       reduce using rule 57 (condition -> exp op exp .)
    )               reduce using rule 57 (condition -> exp op exp .)
    +               shift and go to state 53
    -               shift and go to state 54


state 81

    (36) exp -> exp + termo .
    (39) termo -> termo . * fator
    (40) termo -> termo . / fator
    (41) termo -> termo . ^ fator

    +               reduce using rule 36 (exp -> exp + termo .)
    -               reduce using rule 36 (exp -> exp + termo .)
    >               reduce using rule 36 (exp -> exp + termo .)
    <               reduce using rule 36 (exp -> exp + termo .)
    IGUAL           reduce using rule 36 (exp -> exp + termo .)
    DIFERENTE       reduce using rule 36 (exp -> exp + termo .)
    ;               reduce using rule 36 (exp -> exp + termo .)
    .               reduce using rule 36 (exp -> exp + termo .)
    HACER           reduce using rule 36 (exp -> exp + termo .)
    )               reduce using rule 36 (exp -> exp + termo .)
    AND             reduce using rule 36 (exp -> exp + termo .)
    ENTONCES        reduce using rule 36 (exp -> exp + termo .)
    OR              reduce using rule 36 (exp -> exp + termo .)
    SIGUIENTE       reduce using rule 36 (exp -> exp + termo .)
    *               shift and go to state 59
    /               shift and go to state 60
    ^               shift and go to state 61


state 82

    (37) exp -> exp - termo .
    (39) termo -> termo . * fator
    (40) termo -> termo . / fator
    (41) termo -> termo . ^ fator

    +               reduce using rule 37 (exp -> exp - termo .)
    -               reduce using rule 37 (exp -> exp - termo .)
    >               reduce using rule 37 (exp -> exp - termo .)
    <               reduce using rule 37 (exp -> exp - termo .)
    IGUAL           reduce using rule 37 (exp -> exp - termo .)
    DIFERENTE       reduce using rule 37 (exp -> exp - termo .)
    ;               reduce using rule 37 (exp -> exp - termo .)
    .               reduce using rule 37 (exp -> exp - termo .)
    HACER           reduce using rule 37 (exp -> exp - termo .)
    )               reduce using rule 37 (exp -> exp - termo .)
    AND             reduce using rule 37 (exp -> exp - termo .)
    ENTONCES        reduce using rule 37 (exp -> exp - termo .)
    OR              reduce using rule 37 (exp -> exp - termo .)
    SIGUIENTE       reduce using rule 37 (exp -> exp - termo .)
    *               shift and go to state 59
    /               shift and go to state 60
    ^               shift and go to state 61


state 83

    (62) op -> > IGUAL .

    INT             reduce using rule 62 (op -> > IGUAL .)
    FLOAT           reduce using rule 62 (op -> > IGUAL .)
    ID              reduce using rule 62 (op -> > IGUAL .)
    (               reduce using rule 62 (op -> > IGUAL .)


state 84

    (63) op -> < IGUAL .

    INT             reduce using rule 63 (op -> < IGUAL .)
    FLOAT           reduce using rule 63 (op -> < IGUAL .)
    ID              reduce using rule 63 (op -> < IGUAL .)
    (               reduce using rule 63 (op -> < IGUAL .)


state 85

    (39) termo -> termo * fator .

    *               reduce using rule 39 (termo -> termo * fator .)
    /               reduce using rule 39 (termo -> termo * fator .)
    ^               reduce using rule 39 (termo -> termo * fator .)
    +               reduce using rule 39 (termo -> termo * fator .)
    -               reduce using rule 39 (termo -> termo * fator .)
    >               reduce using rule 39 (termo -> termo * fator .)
    <               reduce using rule 39 (termo -> termo * fator .)
    IGUAL           reduce using rule 39 (termo -> termo * fator .)
    DIFERENTE       reduce using rule 39 (termo -> termo * fator .)
    ;               reduce using rule 39 (termo -> termo * fator .)
    .               reduce using rule 39 (termo -> termo * fator .)
    HACER           reduce using rule 39 (termo -> termo * fator .)
    )               reduce using rule 39 (termo -> termo * fator .)
    AND             reduce using rule 39 (termo -> termo * fator .)
    ENTONCES        reduce using rule 39 (termo -> termo * fator .)
    OR              reduce using rule 39 (termo -> termo * fator .)
    SIGUIENTE       reduce using rule 39 (termo -> termo * fator .)


state 86

    (40) termo -> termo / fator .

    *               reduce using rule 40 (termo -> termo / fator .)
    /               reduce using rule 40 (termo -> termo / fator .)
    ^               reduce using rule 40 (termo -> termo / fator .)
    +               reduce using rule 40 (termo -> termo / fator .)
    -               reduce using rule 40 (termo -> termo / fator .)
    >               reduce using rule 40 (termo -> termo / fator .)
    <               reduce using rule 40 (termo -> termo / fator .)
    IGUAL           reduce using rule 40 (termo -> termo / fator .)
    DIFERENTE       reduce using rule 40 (termo -> termo / fator .)
    ;               reduce using rule 40 (termo -> termo / fator .)
    .               reduce using rule 40 (termo -> termo / fator .)
    HACER           reduce using rule 40 (termo -> termo / fator .)
    )               reduce using rule 40 (termo -> termo / fator .)
    AND             reduce using rule 40 (termo -> termo / fator .)
    ENTONCES        reduce using rule 40 (termo -> termo / fator .)
    OR              reduce using rule 40 (termo -> termo / fator .)
    SIGUIENTE       reduce using rule 40 (termo -> termo / fator .)


state 87

    (41) termo -> termo ^ fator .

    *               reduce using rule 41 (termo -> termo ^ fator .)
    /               reduce using rule 41 (termo -> termo ^ fator .)
    ^               reduce using rule 41 (termo -> termo ^ fator .)
    +               reduce using rule 41 (termo -> termo ^ fator .)
    -               reduce using rule 41 (termo -> termo ^ fator .)
    >               reduce using rule 41 (termo -> termo ^ fator .)
    <               reduce using rule 41 (termo -> termo ^ fator .)
    IGUAL           reduce using rule 41 (termo -> termo ^ fator .)
    DIFERENTE       reduce using rule 41 (termo -> termo ^ fator .)
    ;               reduce using rule 41 (termo -> termo ^ fator .)
    .               reduce using rule 41 (termo -> termo ^ fator .)
    HACER           reduce using rule 41 (termo -> termo ^ fator .)
    )               reduce using rule 41 (termo -> termo ^ fator .)
    AND             reduce using rule 41 (termo -> termo ^ fator .)
    ENTONCES        reduce using rule 41 (termo -> termo ^ fator .)
    OR              reduce using rule 41 (termo -> termo ^ fator .)
    SIGUIENTE       reduce using rule 41 (termo -> termo ^ fator .)


state 88

    (64) ciclos -> ENCUANTO expL HACER statements . .
    (31) statements -> statements . stat
    (32) stat -> . atrib ;
    (33) stat -> . conditions
    (34) stat -> . ciclos
    (35) atrib -> . ID = exp
    (47) conditions -> . SI expL ENTONCES statements endcondition
    (64) ciclos -> . ENCUANTO expL HACER statements .
    (65) ciclos -> . PARA expL SIGUIENTE atrib .
    (66) ciclos -> . PARA expL SIGUIENTE atrib HACER statements .

    .               shift and go to state 106
    ID              shift and go to state 16
    SI              shift and go to state 17
    ENCUANTO        shift and go to state 18
    PARA            shift and go to state 19

    stat                           shift and go to state 24
    atrib                          shift and go to state 13
    conditions                     shift and go to state 14
    ciclos                         shift and go to state 15

state 89

    (65) ciclos -> PARA expL SIGUIENTE atrib . .
    (66) ciclos -> PARA expL SIGUIENTE atrib . HACER statements .

    .               shift and go to state 107
    HACER           shift and go to state 108


state 90

    (26) parametros -> ID : . tipo
    (10) tipo -> . ENTERO
    (11) tipo -> . REAL
    (12) tipo -> . BOOLEANO

    ENTERO          shift and go to state 65
    REAL            shift and go to state 66
    BOOLEANO        shift and go to state 67

    tipo                           shift and go to state 109

state 91

    (24) declF -> FUNCION ID ( parametros ) . : ENTERO declarations statements DEVUELVE return .

    :               shift and go to state 110


state 92

    (27) parametros -> parametros , . ID : tipo

    ID              shift and go to state 111


state 93

    (25) declF -> FUNCION ID ( ) : . ENTERO declarations statements DEVUELVE return .

    ENTERO          shift and go to state 112


state 94

    (14) lista -> [ ] .

    VAR             reduce using rule 14 (lista -> [ ] .)
    FUNCION         reduce using rule 14 (lista -> [ ] .)
    LISTA           reduce using rule 14 (lista -> [ ] .)
    ID              reduce using rule 14 (lista -> [ ] .)
    SI              reduce using rule 14 (lista -> [ ] .)
    ENCUANTO        reduce using rule 14 (lista -> [ ] .)
    PARA            reduce using rule 14 (lista -> [ ] .)
    ]               reduce using rule 14 (lista -> [ ] .)
    ,               reduce using rule 14 (lista -> [ ] .)


state 95

    (15) lista -> [ elementos . ]
    (17) elementos -> elementos . , elemento

    ]               shift and go to state 113
    ,               shift and go to state 114


state 96

    (16) elementos -> elemento .

    ]               reduce using rule 16 (elementos -> elemento .)
    ,               reduce using rule 16 (elementos -> elemento .)


state 97

    (18) elemento -> INT .

    ]               reduce using rule 18 (elemento -> INT .)
    ,               reduce using rule 18 (elemento -> INT .)


state 98

    (19) elemento -> FLOAT .

    ]               reduce using rule 19 (elemento -> FLOAT .)
    ,               reduce using rule 19 (elemento -> FLOAT .)


state 99

    (20) elemento -> BOOLEANO .

    ]               reduce using rule 20 (elemento -> BOOLEANO .)
    ,               reduce using rule 20 (elemento -> BOOLEANO .)


state 100

    (21) elemento -> STRING .

    ]               reduce using rule 21 (elemento -> STRING .)
    ,               reduce using rule 21 (elemento -> STRING .)


state 101

    (22) elemento -> ID .

    ]               reduce using rule 22 (elemento -> ID .)
    ,               reduce using rule 22 (elemento -> ID .)


state 102

    (23) elemento -> lista .

    ]               reduce using rule 23 (elemento -> lista .)
    ,               reduce using rule 23 (elemento -> lista .)


state 103

    (47) conditions -> SI expL ENTONCES statements endcondition .

    ID              reduce using rule 47 (conditions -> SI expL ENTONCES statements endcondition .)
    SI              reduce using rule 47 (conditions -> SI expL ENTONCES statements endcondition .)
    ENCUANTO        reduce using rule 47 (conditions -> SI expL ENTONCES statements endcondition .)
    PARA            reduce using rule 47 (conditions -> SI expL ENTONCES statements endcondition .)
    $end            reduce using rule 47 (conditions -> SI expL ENTONCES statements endcondition .)
    .               reduce using rule 47 (conditions -> SI expL ENTONCES statements endcondition .)
    CASO            reduce using rule 47 (conditions -> SI expL ENTONCES statements endcondition .)
    DEVUELVE        reduce using rule 47 (conditions -> SI expL ENTONCES statements endcondition .)


state 104

    (48) endcondition -> . .

    ID              reduce using rule 48 (endcondition -> . .)
    SI              reduce using rule 48 (endcondition -> . .)
    ENCUANTO        reduce using rule 48 (endcondition -> . .)
    PARA            reduce using rule 48 (endcondition -> . .)
    $end            reduce using rule 48 (endcondition -> . .)
    .               reduce using rule 48 (endcondition -> . .)
    CASO            reduce using rule 48 (endcondition -> . .)
    DEVUELVE        reduce using rule 48 (endcondition -> . .)


state 105

    (49) endcondition -> CASO . CONTRARIO statements .

    CONTRARIO       shift and go to state 115


state 106

    (64) ciclos -> ENCUANTO expL HACER statements . .

    ID              reduce using rule 64 (ciclos -> ENCUANTO expL HACER statements . .)
    SI              reduce using rule 64 (ciclos -> ENCUANTO expL HACER statements . .)
    ENCUANTO        reduce using rule 64 (ciclos -> ENCUANTO expL HACER statements . .)
    PARA            reduce using rule 64 (ciclos -> ENCUANTO expL HACER statements . .)
    $end            reduce using rule 64 (ciclos -> ENCUANTO expL HACER statements . .)
    .               reduce using rule 64 (ciclos -> ENCUANTO expL HACER statements . .)
    CASO            reduce using rule 64 (ciclos -> ENCUANTO expL HACER statements . .)
    DEVUELVE        reduce using rule 64 (ciclos -> ENCUANTO expL HACER statements . .)


state 107

    (65) ciclos -> PARA expL SIGUIENTE atrib . .

    ID              reduce using rule 65 (ciclos -> PARA expL SIGUIENTE atrib . .)
    SI              reduce using rule 65 (ciclos -> PARA expL SIGUIENTE atrib . .)
    ENCUANTO        reduce using rule 65 (ciclos -> PARA expL SIGUIENTE atrib . .)
    PARA            reduce using rule 65 (ciclos -> PARA expL SIGUIENTE atrib . .)
    $end            reduce using rule 65 (ciclos -> PARA expL SIGUIENTE atrib . .)
    .               reduce using rule 65 (ciclos -> PARA expL SIGUIENTE atrib . .)
    CASO            reduce using rule 65 (ciclos -> PARA expL SIGUIENTE atrib . .)
    DEVUELVE        reduce using rule 65 (ciclos -> PARA expL SIGUIENTE atrib . .)


state 108

    (66) ciclos -> PARA expL SIGUIENTE atrib HACER . statements .
    (30) statements -> . stat
    (31) statements -> . statements stat
    (32) stat -> . atrib ;
    (33) stat -> . conditions
    (34) stat -> . ciclos
    (35) atrib -> . ID = exp
    (47) conditions -> . SI expL ENTONCES statements endcondition
    (64) ciclos -> . ENCUANTO expL HACER statements .
    (65) ciclos -> . PARA expL SIGUIENTE atrib .
    (66) ciclos -> . PARA expL SIGUIENTE atrib HACER statements .

    ID              shift and go to state 16
    SI              shift and go to state 17
    ENCUANTO        shift and go to state 18
    PARA            shift and go to state 19

    atrib                          shift and go to state 13
    statements                     shift and go to state 116
    stat                           shift and go to state 12
    conditions                     shift and go to state 14
    ciclos                         shift and go to state 15

state 109

    (26) parametros -> ID : tipo .

    )               reduce using rule 26 (parametros -> ID : tipo .)
    ,               reduce using rule 26 (parametros -> ID : tipo .)


state 110

    (24) declF -> FUNCION ID ( parametros ) : . ENTERO declarations statements DEVUELVE return .

    ENTERO          shift and go to state 117


state 111

    (27) parametros -> parametros , ID . : tipo

    :               shift and go to state 118


state 112

    (25) declF -> FUNCION ID ( ) : ENTERO . declarations statements DEVUELVE return .
    (2) declarations -> . decl
    (3) declarations -> . declarations decl
    (4) decl -> . declV
    (5) decl -> . declF
    (6) decl -> . declL
    (7) declV -> . VAR ids : tipo
    (24) declF -> . FUNCION ID ( parametros ) : ENTERO declarations statements DEVUELVE return .
    (25) declF -> . FUNCION ID ( ) : ENTERO declarations statements DEVUELVE return .
    (13) declL -> . LISTA ID = lista

    VAR             shift and go to state 7
    FUNCION         shift and go to state 8
    LISTA           shift and go to state 9

    declarations                   shift and go to state 119
    decl                           shift and go to state 3
    declV                          shift and go to state 4
    declF                          shift and go to state 5
    declL                          shift and go to state 6

state 113

    (15) lista -> [ elementos ] .

    VAR             reduce using rule 15 (lista -> [ elementos ] .)
    FUNCION         reduce using rule 15 (lista -> [ elementos ] .)
    LISTA           reduce using rule 15 (lista -> [ elementos ] .)
    ID              reduce using rule 15 (lista -> [ elementos ] .)
    SI              reduce using rule 15 (lista -> [ elementos ] .)
    ENCUANTO        reduce using rule 15 (lista -> [ elementos ] .)
    PARA            reduce using rule 15 (lista -> [ elementos ] .)
    ]               reduce using rule 15 (lista -> [ elementos ] .)
    ,               reduce using rule 15 (lista -> [ elementos ] .)


state 114

    (17) elementos -> elementos , . elemento
    (18) elemento -> . INT
    (19) elemento -> . FLOAT
    (20) elemento -> . BOOLEANO
    (21) elemento -> . STRING
    (22) elemento -> . ID
    (23) elemento -> . lista
    (14) lista -> . [ ]
    (15) lista -> . [ elementos ]

    INT             shift and go to state 97
    FLOAT           shift and go to state 98
    BOOLEANO        shift and go to state 99
    STRING          shift and go to state 100
    ID              shift and go to state 101
    [               shift and go to state 73

    elemento                       shift and go to state 120
    lista                          shift and go to state 102

state 115

    (49) endcondition -> CASO CONTRARIO . statements .
    (30) statements -> . stat
    (31) statements -> . statements stat
    (32) stat -> . atrib ;
    (33) stat -> . conditions
    (34) stat -> . ciclos
    (35) atrib -> . ID = exp
    (47) conditions -> . SI expL ENTONCES statements endcondition
    (64) ciclos -> . ENCUANTO expL HACER statements .
    (65) ciclos -> . PARA expL SIGUIENTE atrib .
    (66) ciclos -> . PARA expL SIGUIENTE atrib HACER statements .

    ID              shift and go to state 16
    SI              shift and go to state 17
    ENCUANTO        shift and go to state 18
    PARA            shift and go to state 19

    statements                     shift and go to state 121
    stat                           shift and go to state 12
    atrib                          shift and go to state 13
    conditions                     shift and go to state 14
    ciclos                         shift and go to state 15

state 116

    (66) ciclos -> PARA expL SIGUIENTE atrib HACER statements . .
    (31) statements -> statements . stat
    (32) stat -> . atrib ;
    (33) stat -> . conditions
    (34) stat -> . ciclos
    (35) atrib -> . ID = exp
    (47) conditions -> . SI expL ENTONCES statements endcondition
    (64) ciclos -> . ENCUANTO expL HACER statements .
    (65) ciclos -> . PARA expL SIGUIENTE atrib .
    (66) ciclos -> . PARA expL SIGUIENTE atrib HACER statements .

    .               shift and go to state 122
    ID              shift and go to state 16
    SI              shift and go to state 17
    ENCUANTO        shift and go to state 18
    PARA            shift and go to state 19

    atrib                          shift and go to state 13
    stat                           shift and go to state 24
    conditions                     shift and go to state 14
    ciclos                         shift and go to state 15

state 117

    (24) declF -> FUNCION ID ( parametros ) : ENTERO . declarations statements DEVUELVE return .
    (2) declarations -> . decl
    (3) declarations -> . declarations decl
    (4) decl -> . declV
    (5) decl -> . declF
    (6) decl -> . declL
    (7) declV -> . VAR ids : tipo
    (24) declF -> . FUNCION ID ( parametros ) : ENTERO declarations statements DEVUELVE return .
    (25) declF -> . FUNCION ID ( ) : ENTERO declarations statements DEVUELVE return .
    (13) declL -> . LISTA ID = lista

    VAR             shift and go to state 7
    FUNCION         shift and go to state 8
    LISTA           shift and go to state 9

    declarations                   shift and go to state 123
    decl                           shift and go to state 3
    declV                          shift and go to state 4
    declF                          shift and go to state 5
    declL                          shift and go to state 6

state 118

    (27) parametros -> parametros , ID : . tipo
    (10) tipo -> . ENTERO
    (11) tipo -> . REAL
    (12) tipo -> . BOOLEANO

    ENTERO          shift and go to state 65
    REAL            shift and go to state 66
    BOOLEANO        shift and go to state 67

    tipo                           shift and go to state 124

state 119

    (25) declF -> FUNCION ID ( ) : ENTERO declarations . statements DEVUELVE return .
    (3) declarations -> declarations . decl
    (30) statements -> . stat
    (31) statements -> . statements stat
    (4) decl -> . declV
    (5) decl -> . declF
    (6) decl -> . declL
    (32) stat -> . atrib ;
    (33) stat -> . conditions
    (34) stat -> . ciclos
    (7) declV -> . VAR ids : tipo
    (24) declF -> . FUNCION ID ( parametros ) : ENTERO declarations statements DEVUELVE return .
    (25) declF -> . FUNCION ID ( ) : ENTERO declarations statements DEVUELVE return .
    (13) declL -> . LISTA ID = lista
    (35) atrib -> . ID = exp
    (47) conditions -> . SI expL ENTONCES statements endcondition
    (64) ciclos -> . ENCUANTO expL HACER statements .
    (65) ciclos -> . PARA expL SIGUIENTE atrib .
    (66) ciclos -> . PARA expL SIGUIENTE atrib HACER statements .

    VAR             shift and go to state 7
    FUNCION         shift and go to state 8
    LISTA           shift and go to state 9
    ID              shift and go to state 16
    SI              shift and go to state 17
    ENCUANTO        shift and go to state 18
    PARA            shift and go to state 19

    statements                     shift and go to state 125
    decl                           shift and go to state 11
    stat                           shift and go to state 12
    declV                          shift and go to state 4
    declF                          shift and go to state 5
    declL                          shift and go to state 6
    atrib                          shift and go to state 13
    conditions                     shift and go to state 14
    ciclos                         shift and go to state 15

state 120

    (17) elementos -> elementos , elemento .

    ]               reduce using rule 17 (elementos -> elementos , elemento .)
    ,               reduce using rule 17 (elementos -> elementos , elemento .)


state 121

    (49) endcondition -> CASO CONTRARIO statements . .
    (31) statements -> statements . stat
    (32) stat -> . atrib ;
    (33) stat -> . conditions
    (34) stat -> . ciclos
    (35) atrib -> . ID = exp
    (47) conditions -> . SI expL ENTONCES statements endcondition
    (64) ciclos -> . ENCUANTO expL HACER statements .
    (65) ciclos -> . PARA expL SIGUIENTE atrib .
    (66) ciclos -> . PARA expL SIGUIENTE atrib HACER statements .

    .               shift and go to state 126
    ID              shift and go to state 16
    SI              shift and go to state 17
    ENCUANTO        shift and go to state 18
    PARA            shift and go to state 19

    stat                           shift and go to state 24
    atrib                          shift and go to state 13
    conditions                     shift and go to state 14
    ciclos                         shift and go to state 15

state 122

    (66) ciclos -> PARA expL SIGUIENTE atrib HACER statements . .

    ID              reduce using rule 66 (ciclos -> PARA expL SIGUIENTE atrib HACER statements . .)
    SI              reduce using rule 66 (ciclos -> PARA expL SIGUIENTE atrib HACER statements . .)
    ENCUANTO        reduce using rule 66 (ciclos -> PARA expL SIGUIENTE atrib HACER statements . .)
    PARA            reduce using rule 66 (ciclos -> PARA expL SIGUIENTE atrib HACER statements . .)
    $end            reduce using rule 66 (ciclos -> PARA expL SIGUIENTE atrib HACER statements . .)
    .               reduce using rule 66 (ciclos -> PARA expL SIGUIENTE atrib HACER statements . .)
    CASO            reduce using rule 66 (ciclos -> PARA expL SIGUIENTE atrib HACER statements . .)
    DEVUELVE        reduce using rule 66 (ciclos -> PARA expL SIGUIENTE atrib HACER statements . .)


state 123

    (24) declF -> FUNCION ID ( parametros ) : ENTERO declarations . statements DEVUELVE return .
    (3) declarations -> declarations . decl
    (30) statements -> . stat
    (31) statements -> . statements stat
    (4) decl -> . declV
    (5) decl -> . declF
    (6) decl -> . declL
    (32) stat -> . atrib ;
    (33) stat -> . conditions
    (34) stat -> . ciclos
    (7) declV -> . VAR ids : tipo
    (24) declF -> . FUNCION ID ( parametros ) : ENTERO declarations statements DEVUELVE return .
    (25) declF -> . FUNCION ID ( ) : ENTERO declarations statements DEVUELVE return .
    (13) declL -> . LISTA ID = lista
    (35) atrib -> . ID = exp
    (47) conditions -> . SI expL ENTONCES statements endcondition
    (64) ciclos -> . ENCUANTO expL HACER statements .
    (65) ciclos -> . PARA expL SIGUIENTE atrib .
    (66) ciclos -> . PARA expL SIGUIENTE atrib HACER statements .

    VAR             shift and go to state 7
    FUNCION         shift and go to state 8
    LISTA           shift and go to state 9
    ID              shift and go to state 16
    SI              shift and go to state 17
    ENCUANTO        shift and go to state 18
    PARA            shift and go to state 19

    statements                     shift and go to state 127
    decl                           shift and go to state 11
    stat                           shift and go to state 12
    declV                          shift and go to state 4
    declF                          shift and go to state 5
    declL                          shift and go to state 6
    atrib                          shift and go to state 13
    conditions                     shift and go to state 14
    ciclos                         shift and go to state 15

state 124

    (27) parametros -> parametros , ID : tipo .

    )               reduce using rule 27 (parametros -> parametros , ID : tipo .)
    ,               reduce using rule 27 (parametros -> parametros , ID : tipo .)


state 125

    (25) declF -> FUNCION ID ( ) : ENTERO declarations statements . DEVUELVE return .
    (31) statements -> statements . stat
    (32) stat -> . atrib ;
    (33) stat -> . conditions
    (34) stat -> . ciclos
    (35) atrib -> . ID = exp
    (47) conditions -> . SI expL ENTONCES statements endcondition
    (64) ciclos -> . ENCUANTO expL HACER statements .
    (65) ciclos -> . PARA expL SIGUIENTE atrib .
    (66) ciclos -> . PARA expL SIGUIENTE atrib HACER statements .

    DEVUELVE        shift and go to state 128
    ID              shift and go to state 16
    SI              shift and go to state 17
    ENCUANTO        shift and go to state 18
    PARA            shift and go to state 19

    stat                           shift and go to state 24
    atrib                          shift and go to state 13
    conditions                     shift and go to state 14
    ciclos                         shift and go to state 15

state 126

    (49) endcondition -> CASO CONTRARIO statements . .

    ID              reduce using rule 49 (endcondition -> CASO CONTRARIO statements . .)
    SI              reduce using rule 49 (endcondition -> CASO CONTRARIO statements . .)
    ENCUANTO        reduce using rule 49 (endcondition -> CASO CONTRARIO statements . .)
    PARA            reduce using rule 49 (endcondition -> CASO CONTRARIO statements . .)
    $end            reduce using rule 49 (endcondition -> CASO CONTRARIO statements . .)
    .               reduce using rule 49 (endcondition -> CASO CONTRARIO statements . .)
    CASO            reduce using rule 49 (endcondition -> CASO CONTRARIO statements . .)
    DEVUELVE        reduce using rule 49 (endcondition -> CASO CONTRARIO statements . .)


state 127

    (24) declF -> FUNCION ID ( parametros ) : ENTERO declarations statements . DEVUELVE return .
    (31) statements -> statements . stat
    (32) stat -> . atrib ;
    (33) stat -> . conditions
    (34) stat -> . ciclos
    (35) atrib -> . ID = exp
    (47) conditions -> . SI expL ENTONCES statements endcondition
    (64) ciclos -> . ENCUANTO expL HACER statements .
    (65) ciclos -> . PARA expL SIGUIENTE atrib .
    (66) ciclos -> . PARA expL SIGUIENTE atrib HACER statements .

    DEVUELVE        shift and go to state 129
    ID              shift and go to state 16
    SI              shift and go to state 17
    ENCUANTO        shift and go to state 18
    PARA            shift and go to state 19

    stat                           shift and go to state 24
    atrib                          shift and go to state 13
    conditions                     shift and go to state 14
    ciclos                         shift and go to state 15

state 128

    (25) declF -> FUNCION ID ( ) : ENTERO declarations statements DEVUELVE . return .
    (28) return -> . INT
    (29) return -> . ID

    INT             shift and go to state 132
    ID              shift and go to state 130

    return                         shift and go to state 131

state 129

    (24) declF -> FUNCION ID ( parametros ) : ENTERO declarations statements DEVUELVE . return .
    (28) return -> . INT
    (29) return -> . ID

    INT             shift and go to state 132
    ID              shift and go to state 130

    return                         shift and go to state 133

state 130

    (29) return -> ID .

    .               reduce using rule 29 (return -> ID .)


state 131

    (25) declF -> FUNCION ID ( ) : ENTERO declarations statements DEVUELVE return . .

    .               shift and go to state 134


state 132

    (28) return -> INT .

    .               reduce using rule 28 (return -> INT .)


state 133

    (24) declF -> FUNCION ID ( parametros ) : ENTERO declarations statements DEVUELVE return . .

    .               shift and go to state 135


state 134

    (25) declF -> FUNCION ID ( ) : ENTERO declarations statements DEVUELVE return . .

    VAR             reduce using rule 25 (declF -> FUNCION ID ( ) : ENTERO declarations statements DEVUELVE return . .)
    FUNCION         reduce using rule 25 (declF -> FUNCION ID ( ) : ENTERO declarations statements DEVUELVE return . .)
    LISTA           reduce using rule 25 (declF -> FUNCION ID ( ) : ENTERO declarations statements DEVUELVE return . .)
    ID              reduce using rule 25 (declF -> FUNCION ID ( ) : ENTERO declarations statements DEVUELVE return . .)
    SI              reduce using rule 25 (declF -> FUNCION ID ( ) : ENTERO declarations statements DEVUELVE return . .)
    ENCUANTO        reduce using rule 25 (declF -> FUNCION ID ( ) : ENTERO declarations statements DEVUELVE return . .)
    PARA            reduce using rule 25 (declF -> FUNCION ID ( ) : ENTERO declarations statements DEVUELVE return . .)


state 135

    (24) declF -> FUNCION ID ( parametros ) : ENTERO declarations statements DEVUELVE return . .

    VAR             reduce using rule 24 (declF -> FUNCION ID ( parametros ) : ENTERO declarations statements DEVUELVE return . .)
    FUNCION         reduce using rule 24 (declF -> FUNCION ID ( parametros ) : ENTERO declarations statements DEVUELVE return . .)
    LISTA           reduce using rule 24 (declF -> FUNCION ID ( parametros ) : ENTERO declarations statements DEVUELVE return . .)
    ID              reduce using rule 24 (declF -> FUNCION ID ( parametros ) : ENTERO declarations statements DEVUELVE return . .)
    SI              reduce using rule 24 (declF -> FUNCION ID ( parametros ) : ENTERO declarations statements DEVUELVE return . .)
    ENCUANTO        reduce using rule 24 (declF -> FUNCION ID ( parametros ) : ENTERO declarations statements DEVUELVE return . .)
    PARA            reduce using rule 24 (declF -> FUNCION ID ( parametros ) : ENTERO declarations statements DEVUELVE return . .)

